d:\demo\demo\debug\imain.obj
d:\demo\demo\debug\vc100.pdb
d:\demo\debug\demo.ilk
d:\demo\debug\demo.exe
d:\demo\demo\debug\demo.exe.intermediate.manifest
d:\demo\debug\demo.pdb
d:\blood of legends\demo\demo\debug\vc120.pdb
d:\blood of legends\demo\demo\debug\vc120.idb
d:\blood of legends\demo\demo\debug\imain.obj
d:\blood of legends\demo\demo\debug\demo.vcxprojresolveassemblyreference.cache
d:\blood of legends\demo\demo\debug\cl.command.1.tlog
d:\blood of legends\demo\demo\debug\cl.read.1.tlog
d:\blood of legends\demo\demo\debug\cl.write.1.tlog
d:\blood of legends\demo\demo\debug\demo.write.1.tlog
d:\blood of legends\demo\demo\debug\link.command.1.tlog
d:\blood of legends\demo\demo\debug\link.read.1.tlog
d:\blood of legends\demo\demo\debug\link.write.1.tlog
d:\blood of legends\demo\demo\debug\mt.command.1.tlog
d:\blood of legends\demo\demo\debug\mt.read.1.tlog
d:\blood of legends\demo\demo\debug\mt.write.1.tlog
d:\blood of legends\demo\demo\debug\demo.exe.intermediate.manifest
d:\blood of legends\demo\demo\debug\vc100.idb
d:\blood of legends\demo\demo\debug\vc100.pdb
d:\blood of legends\demo\debug\demo.pdb
d:\blood of legends\demo\demo\debug\demo.tlog\cl.command.1.tlog
d:\blood of legends\demo\demo\debug\demo.tlog\cl.read.1.tlog
d:\blood of legends\demo\demo\debug\demo.tlog\cl.write.1.tlog
d:\blood of legends\demo\demo\debug\demo.tlog\link-cvtres.read.1.tlog
d:\blood of legends\demo\demo\debug\demo.tlog\link-cvtres.write.1.tlog
d:\blood of legends\demo\demo\debug\demo.tlog\link-rc.read.1.tlog
d:\blood of legends\demo\demo\debug\demo.tlog\link-rc.write.1.tlog
d:\blood of legends\demo\demo\debug\demo.tlog\link.command.1.tlog
d:\blood of legends\demo\demo\debug\demo.tlog\link.read.1.tlog
d:\blood of legends\demo\demo\debug\demo.tlog\link.write.1.tlog
